<?xml version="1.0" encoding="UTF-8"?>
<testsuite name="co.sqasa.runners.testRunner" tests="1" skipped="0" failures="1" errors="0" timestamp="2023-10-05T21:40:41" hostname="DESKTOP-BEGFS69" time="2.538">
  <properties/>
  <testcase name="Agregar un Producto de la categoria cumpleaños al carrito y eliminarlo" classname="co.sqasa.runners.testRunner" time="2.538">
    <failure message="net.thucydides.core.webdriver.DriverConfigurationError: Could not instantiate class org.openqa.selenium.chrome.ChromeDriver" type="net.thucydides.core.webdriver.DriverConfigurationError">net.thucydides.core.webdriver.DriverConfigurationError: Could not instantiate class org.openqa.selenium.chrome.ChromeDriver
	at app//net.thucydides.core.webdriver.WebDriverFacade.newDriverInstance(WebDriverFacade.java:161)
	at app//net.thucydides.core.webdriver.WebDriverFacade.newProxyDriver(WebDriverFacade.java:149)
	at app//net.thucydides.core.webdriver.WebDriverFacade.getProxiedDriver(WebDriverFacade.java:119)
	at app//net.thucydides.core.webdriver.WebDriverFacade.get(WebDriverFacade.java:189)
	at app//net.serenitybdd.core.pages.PageObject.openPageAtUrl(PageObject.java:982)
	at app//net.serenitybdd.core.pages.PageObject.openUrl(PageObject.java:928)
	at app//floristeria.steps.InicioStep.abrirNavegador(InicioStep.java:13)
	at app//floristeria.steps.InicioStep$ByteBuddy$2VDhGsbY.abrirNavegador$accessor$Dcg1W0DB(Unknown Source)
	at java.base@11.0.20/jdk.internal.reflect.NativeMethodAccessorImpl.invoke0(Native Method)
	at java.base@11.0.20/jdk.internal.reflect.NativeMethodAccessorImpl.invoke(NativeMethodAccessorImpl.java:62)
	at java.base@11.0.20/jdk.internal.reflect.DelegatingMethodAccessorImpl.invoke(DelegatingMethodAccessorImpl.java:43)
	at java.base@11.0.20/java.lang.reflect.Method.invoke(Method.java:566)
	at app//net.thucydides.core.steps.StepInterceptor.invokeMethod(StepInterceptor.java:518)
	at app//net.thucydides.core.steps.StepInterceptor.executeTestStepMethod(StepInterceptor.java:498)
	at app//net.thucydides.core.steps.StepInterceptor.runTestStep(StepInterceptor.java:472)
	at app//net.thucydides.core.steps.StepInterceptor.runOrSkipMethod(StepInterceptor.java:211)
	at app//net.thucydides.core.steps.StepInterceptor.testStepResult(StepInterceptor.java:198)
	at app//net.thucydides.core.steps.StepInterceptor.intercept(StepInterceptor.java:86)
	at app//net.thucydides.core.steps.ProxyConfiguration$InterceptorDispatcher.intercept(ProxyConfiguration.java:51)
	at app//floristeria.steps.InicioStep$ByteBuddy$2VDhGsbY.abrirNavegador(Unknown Source)
	at app//co.sqasa.StepDef.AgregarProductoCategoria.queElUsuarioAbreLaAplicacionSeDirijeALasCategoriasSeleccionaCumpleaños(AgregarProductoCategoria.java:24)
	at ✽.que el usuario abre la aplicacion se dirije a las categorias selecciona cumpleaños(file:///C:/Users/Diana%20Lucía%20Leon/Documents/SQA/Reto_Tecnico/src/test/resources/features/AgregarProductoCategoria.feature:7)
Caused by: net.thucydides.core.webdriver.DriverConfigurationError: WebDriver was unable to create a new instance of type class org.openqa.selenium.chrome.ChromeDriver
WebDriver reported the following message: The driver executable must exist: C:\Users\Diana Lucía Leon\Documents\SQA\Reto_Tecnico\driver\chromedriver.exe
See below for more details.
	at app//net.thucydides.core.webdriver.WebDriverFactory.newWebdriverInstance(WebDriverFactory.java:150)
	at app//net.thucydides.core.webdriver.WebDriverFacade.newDriverInstance(WebDriverFacade.java:158)
	at app//net.thucydides.core.webdriver.WebDriverFacade.newProxyDriver(WebDriverFacade.java:149)
	at app//net.thucydides.core.webdriver.WebDriverFacade.getProxiedDriver(WebDriverFacade.java:119)
	at app//net.thucydides.core.webdriver.WebDriverFacade.get(WebDriverFacade.java:189)
	at app//net.serenitybdd.core.pages.PageObject.openPageAtUrl(PageObject.java:982)
	at app//net.serenitybdd.core.pages.PageObject.openUrl(PageObject.java:928)
	at app//floristeria.steps.InicioStep.abrirNavegador(InicioStep.java:13)
	at app//floristeria.steps.InicioStep$ByteBuddy$2VDhGsbY.abrirNavegador$accessor$Dcg1W0DB(Unknown Source)
	at java.base@11.0.20/jdk.internal.reflect.NativeMethodAccessorImpl.invoke0(Native Method)
	at java.base@11.0.20/jdk.internal.reflect.NativeMethodAccessorImpl.invoke(NativeMethodAccessorImpl.java:62)
	at java.base@11.0.20/jdk.internal.reflect.DelegatingMethodAccessorImpl.invoke(DelegatingMethodAccessorImpl.java:43)
	at java.base@11.0.20/java.lang.reflect.Method.invoke(Method.java:566)
	at app//net.thucydides.core.steps.StepInterceptor.invokeMethod(StepInterceptor.java:518)
	at app//net.thucydides.core.steps.StepInterceptor.executeTestStepMethod(StepInterceptor.java:498)
	at app//net.thucydides.core.steps.StepInterceptor.runTestStep(StepInterceptor.java:472)
	at app//net.thucydides.core.steps.StepInterceptor.runOrSkipMethod(StepInterceptor.java:211)
	at app//net.thucydides.core.steps.StepInterceptor.testStepResult(StepInterceptor.java:198)
	at app//net.thucydides.core.steps.StepInterceptor.intercept(StepInterceptor.java:86)
	at app//net.thucydides.core.steps.ProxyConfiguration$InterceptorDispatcher.intercept(ProxyConfiguration.java:51)
	at app//floristeria.steps.InicioStep$ByteBuddy$2VDhGsbY.abrirNavegador(Unknown Source)
	at app//co.sqasa.StepDef.AgregarProductoCategoria.queElUsuarioAbreLaAplicacionSeDirijeALasCategoriasSeleccionaCumpleaños(AgregarProductoCategoria.java:24)
	at java.base@11.0.20/jdk.internal.reflect.NativeMethodAccessorImpl.invoke0(Native Method)
	at java.base@11.0.20/jdk.internal.reflect.NativeMethodAccessorImpl.invoke(NativeMethodAccessorImpl.java:62)
	at java.base@11.0.20/jdk.internal.reflect.DelegatingMethodAccessorImpl.invoke(DelegatingMethodAccessorImpl.java:43)
	at java.base@11.0.20/java.lang.reflect.Method.invoke(Method.java:566)
	at app//io.cucumber.java.Invoker.doInvoke(Invoker.java:66)
	at app//io.cucumber.java.Invoker.invoke(Invoker.java:24)
	at app//io.cucumber.java.AbstractGlueDefinition.invokeMethod(AbstractGlueDefinition.java:47)
	at app//io.cucumber.java.JavaStepDefinition.execute(JavaStepDefinition.java:29)
	at app//io.cucumber.core.runner.CoreStepDefinition.execute(CoreStepDefinition.java:66)
	at app//io.cucumber.core.runner.PickleStepDefinitionMatch.runStep(PickleStepDefinitionMatch.java:63)
	at app//io.cucumber.core.runner.ExecutionMode$1.execute(ExecutionMode.java:10)
	at app//io.cucumber.core.runner.TestStep.executeStep(TestStep.java:85)
	at app//io.cucumber.core.runner.TestStep.run(TestStep.java:57)
	at app//io.cucumber.core.runner.PickleStepTestStep.run(PickleStepTestStep.java:51)
	at app//io.cucumber.core.runner.TestCase.run(TestCase.java:84)
	at app//io.cucumber.core.runner.Runner.runPickle(Runner.java:75)
	at app//io.cucumber.junit.PickleRunners$NoStepDescriptions.lambda$run$0(PickleRunners.java:151)
	at app//io.cucumber.core.runtime.CucumberExecutionContext.lambda$runTestCase$5(CucumberExecutionContext.java:129)
	at app//io.cucumber.core.runtime.RethrowingThrowableCollector.executeAndThrow(RethrowingThrowableCollector.java:23)
	at app//io.cucumber.core.runtime.CucumberExecutionContext.runTestCase(CucumberExecutionContext.java:129)
	at app//io.cucumber.junit.PickleRunners$NoStepDescriptions.run(PickleRunners.java:148)
	at app//io.cucumber.junit.FeatureRunner.runChild(FeatureRunner.java:144)
	at app//io.cucumber.junit.FeatureRunner.runChild(FeatureRunner.java:28)
	at app//org.junit.runners.ParentRunner$4.run(ParentRunner.java:331)
	at app//org.junit.runners.ParentRunner$1.schedule(ParentRunner.java:79)
	at app//org.junit.runners.ParentRunner.runChildren(ParentRunner.java:329)
	at app//org.junit.runners.ParentRunner.access$100(ParentRunner.java:66)
	at app//org.junit.runners.ParentRunner$2.evaluate(ParentRunner.java:293)
	at app//org.junit.runners.ParentRunner$3.evaluate(ParentRunner.java:306)
	at app//org.junit.runners.ParentRunner.run(ParentRunner.java:413)
	at app//io.cucumber.junit.FeatureRunner.run(FeatureRunner.java:137)
	at app//io.cucumber.junit.CucumberSerenityRunner.runChild(CucumberSerenityRunner.java:259)
	at app//io.cucumber.junit.CucumberSerenityRunner.runChild(CucumberSerenityRunner.java:59)
	at app//org.junit.runners.ParentRunner$4.run(ParentRunner.java:331)
	at app//org.junit.runners.ParentRunner$1.schedule(ParentRunner.java:79)
	at app//org.junit.runners.ParentRunner.runChildren(ParentRunner.java:329)
	at app//org.junit.runners.ParentRunner.access$100(ParentRunner.java:66)
	at app//org.junit.runners.ParentRunner$2.evaluate(ParentRunner.java:293)
	at app//io.cucumber.junit.CucumberSerenityRunner$RunCucumber.evaluate(CucumberSerenityRunner.java:288)
	at app//org.junit.runners.ParentRunner$3.evaluate(ParentRunner.java:306)
	at app//org.junit.runners.ParentRunner.run(ParentRunner.java:413)
	at app//org.junit.runner.JUnitCore.run(JUnitCore.java:137)
	at app//org.junit.runner.JUnitCore.run(JUnitCore.java:115)
	at app//org.junit.vintage.engine.execution.RunnerExecutor.execute(RunnerExecutor.java:42)
	at app//org.junit.vintage.engine.VintageTestEngine.executeAllChildren(VintageTestEngine.java:80)
	at app//org.junit.vintage.engine.VintageTestEngine.execute(VintageTestEngine.java:72)
	at app//org.junit.platform.launcher.core.EngineExecutionOrchestrator.execute(EngineExecutionOrchestrator.java:107)
	at app//org.junit.platform.launcher.core.EngineExecutionOrchestrator.execute(EngineExecutionOrchestrator.java:88)
	at app//org.junit.platform.launcher.core.EngineExecutionOrchestrator.lambda$execute$0(EngineExecutionOrchestrator.java:54)
	at app//org.junit.platform.launcher.core.EngineExecutionOrchestrator.withInterceptedStreams(EngineExecutionOrchestrator.java:67)
	at app//org.junit.platform.launcher.core.EngineExecutionOrchestrator.execute(EngineExecutionOrchestrator.java:52)
	at app//org.junit.platform.launcher.core.DefaultLauncher.execute(DefaultLauncher.java:114)
	at app//org.junit.platform.launcher.core.DefaultLauncher.execute(DefaultLauncher.java:86)
	at app//org.junit.platform.launcher.core.DefaultLauncherSession$DelegatingLauncher.execute(DefaultLauncherSession.java:86)
	at org.gradle.api.internal.tasks.testing.junitplatform.JUnitPlatformTestClassProcessor$CollectAllTestClassesExecutor.processAllTestClasses(JUnitPlatformTestClassProcessor.java:110)
	at org.gradle.api.internal.tasks.testing.junitplatform.JUnitPlatformTestClassProcessor$CollectAllTestClassesExecutor.access$000(JUnitPlatformTestClassProcessor.java:90)
	at org.gradle.api.internal.tasks.testing.junitplatform.JUnitPlatformTestClassProcessor.stop(JUnitPlatformTestClassProcessor.java:85)
	at org.gradle.api.internal.tasks.testing.SuiteTestClassProcessor.stop(SuiteTestClassProcessor.java:62)
	at java.base@11.0.20/jdk.internal.reflect.NativeMethodAccessorImpl.invoke0(Native Method)
	at java.base@11.0.20/jdk.internal.reflect.NativeMethodAccessorImpl.invoke(NativeMethodAccessorImpl.java:62)
	at java.base@11.0.20/jdk.internal.reflect.DelegatingMethodAccessorImpl.invoke(DelegatingMethodAccessorImpl.java:43)
	at java.base@11.0.20/java.lang.reflect.Method.invoke(Method.java:566)
	at org.gradle.internal.dispatch.ReflectionDispatch.dispatch(ReflectionDispatch.java:36)
	at org.gradle.internal.dispatch.ReflectionDispatch.dispatch(ReflectionDispatch.java:24)
	at org.gradle.internal.dispatch.ContextClassLoaderDispatch.dispatch(ContextClassLoaderDispatch.java:33)
	at org.gradle.internal.dispatch.ProxyDispatchAdapter$DispatchingInvocationHandler.invoke(ProxyDispatchAdapter.java:94)
	at com.sun.proxy.$Proxy2.stop(Unknown Source)
	at org.gradle.api.internal.tasks.testing.worker.TestWorker$3.run(TestWorker.java:193)
	at org.gradle.api.internal.tasks.testing.worker.TestWorker.executeAndMaintainThreadName(TestWorker.java:129)
	at org.gradle.api.internal.tasks.testing.worker.TestWorker.execute(TestWorker.java:100)
	at org.gradle.api.internal.tasks.testing.worker.TestWorker.execute(TestWorker.java:60)
	at org.gradle.process.internal.worker.child.ActionExecutionWorker.execute(ActionExecutionWorker.java:56)
	at org.gradle.process.internal.worker.child.SystemApplicationClassLoaderWorker.call(SystemApplicationClassLoaderWorker.java:113)
	at org.gradle.process.internal.worker.child.SystemApplicationClassLoaderWorker.call(SystemApplicationClassLoaderWorker.java:65)
	at app//worker.org.gradle.process.internal.worker.GradleWorkerMain.run(GradleWorkerMain.java:69)
	at app//worker.org.gradle.process.internal.worker.GradleWorkerMain.main(GradleWorkerMain.java:74)
Caused by: java.lang.IllegalStateException: The driver executable must exist: C:\Users\Diana Lucía Leon\Documents\SQA\Reto_Tecnico\driver\chromedriver.exe
	at org.openqa.selenium.internal.Require$FileStateChecker.isFile(Require.java:345)
	at org.openqa.selenium.remote.service.DriverService.checkExecutable(DriverService.java:160)
	at org.openqa.selenium.remote.service.DriverService.findExecutable(DriverService.java:155)
	at org.openqa.selenium.chrome.ChromeDriverService.access$000(ChromeDriverService.java:39)
	at org.openqa.selenium.chrome.ChromeDriverService$Builder.findDefaultExecutable(ChromeDriverService.java:233)
	at org.openqa.selenium.remote.service.DriverService$Builder.build(DriverService.java:455)
	at org.openqa.selenium.chrome.ChromeDriverService.createServiceWithConfig(ChromeDriverService.java:142)
	at net.serenitybdd.core.webdriver.driverproviders.DriverServices.getChromeDriverService(DriverServices.java:19)
	at net.serenitybdd.core.webdriver.driverproviders.ChromeDriverProvider.newInstance(ChromeDriverProvider.java:64)
	at net.thucydides.core.webdriver.WebDriverFactory.createWebDriver(WebDriverFactory.java:162)
	at net.thucydides.core.webdriver.WebDriverFactory.newWebdriverInstance(WebDriverFactory.java:140)
	... 97 more
</failure>
  </testcase>
  <system-out><![CDATA[]]></system-out>
  <system-err><![CDATA[?[32m?[1m??????????????????????????????????????????????????????????????????????????????????????[0m
?[32m?[1m??[0m Share your Cucumber Report with your team at ?[36m?[1m?[4mhttps://reports.cucumber.io?[0m          ?[32m?[1m??[0m
?[32m?[1m??[0m Activate publishing with one of the following:                                    ?[32m?[1m??[0m
?[32m?[1m??[0m                                                                                   ?[32m?[1m??[0m
?[32m?[1m??[0m src/test/resources/cucumber.properties:          ?[36mcucumber.publish.enabled?[0m=?[36mtrue?[0m    ?[32m?[1m??[0m
?[32m?[1m??[0m src/test/resources/junit-platform.properties:    ?[36mcucumber.publish.enabled?[0m=?[36mtrue?[0m    ?[32m?[1m??[0m
?[32m?[1m??[0m Environment variable:                            ?[36mCUCUMBER_PUBLISH_ENABLED?[0m=?[36mtrue?[0m    ?[32m?[1m??[0m
?[32m?[1m??[0m JUnit:                                           ?[36m@CucumberOptions?[0m(publish = ?[36mtrue?[0m) ?[32m?[1m??[0m
?[32m?[1m??[0m                                                                                   ?[32m?[1m??[0m
?[32m?[1m??[0m More information at ?[36mhttps://cucumber.io/docs/cucumber/environment-variables/?[0m      ?[32m?[1m??[0m
?[32m?[1m??[0m                                                                                   ?[32m?[1m??[0m
?[32m?[1m??[0m Disable this message with one of the following:                                   ?[32m?[1m??[0m
?[32m?[1m??[0m                                                                                   ?[32m?[1m??[0m
?[32m?[1m??[0m src/test/resources/cucumber.properties:          ?[36mcucumber.publish.quiet?[0m=?[36mtrue?[0m      ?[32m?[1m??[0m
?[32m?[1m??[0m src/test/resources/junit-platform.properties:    ?[36mcucumber.publish.quiet?[0m=?[36mtrue?[0m      ?[32m?[1m??[0m
?[32m?[1m??????????????????????????????????????????????????????????????????????????????????????[0m
]]></system-err>
</testsuite>
